{"/Users/mraible/dev/okta-shield/src/index_spec.js":{"path":"/Users/mraible/dev/okta-shield/src/index_spec.js","s":{"1":1,"2":1,"3":1,"4":1,"5":1,"6":1,"7":1,"8":1,"9":1,"10":1,"11":4,"12":4,"13":1,"14":1,"15":1,"16":1,"17":1,"18":4,"19":4,"20":1,"21":1,"22":1,"23":1,"24":1,"25":1,"26":1,"27":1,"28":1,"29":1,"30":1,"31":1,"32":1,"33":1,"34":1,"35":1,"36":1},"b":{},"f":{},"fnMap":{},"statementMap":{"1":{"start":{"line":2,"column":0},"end":{"line":2,"column":62}},"2":{"start":{"line":10,"column":0},"end":{"line":10,"column":64}},"3":{"start":{"line":11,"column":0},"end":{"line":11,"column":29}},"4":{"start":{"line":13,"column":0},"end":{"line":73,"column":3}},"5":{"start":{"line":14,"column":4},"end":{"line":14,"column":121}},"6":{"start":{"line":15,"column":4},"end":{"line":19,"column":6}},"7":{"start":{"line":20,"column":4},"end":{"line":20,"column":16}},"8":{"start":{"line":22,"column":4},"end":{"line":26,"column":6}},"9":{"start":{"line":28,"column":4},"end":{"line":35,"column":6}},"10":{"start":{"line":36,"column":4},"end":{"line":39,"column":7}},"11":{"start":{"line":37,"column":8},"end":{"line":37,"column":109}},"12":{"start":{"line":38,"column":8},"end":{"line":38,"column":114}},"13":{"start":{"line":40,"column":4},"end":{"line":50,"column":7}},"14":{"start":{"line":41,"column":8},"end":{"line":41,"column":115}},"15":{"start":{"line":42,"column":8},"end":{"line":42,"column":60}},"16":{"start":{"line":43,"column":8},"end":{"line":49,"column":22}},"17":{"start":{"line":44,"column":12},"end":{"line":47,"column":15}},"18":{"start":{"line":45,"column":16},"end":{"line":45,"column":47}},"19":{"start":{"line":46,"column":16},"end":{"line":46,"column":56}},"20":{"start":{"line":48,"column":12},"end":{"line":48,"column":19}},"21":{"start":{"line":51,"column":4},"end":{"line":56,"column":7}},"22":{"start":{"line":52,"column":8},"end":{"line":55,"column":22}},"23":{"start":{"line":53,"column":12},"end":{"line":53,"column":108}},"24":{"start":{"line":54,"column":12},"end":{"line":54,"column":19}},"25":{"start":{"line":57,"column":4},"end":{"line":64,"column":7}},"26":{"start":{"line":58,"column":8},"end":{"line":63,"column":22}},"27":{"start":{"line":59,"column":12},"end":{"line":59,"column":103}},"28":{"start":{"line":60,"column":12},"end":{"line":60,"column":60}},"29":{"start":{"line":61,"column":12},"end":{"line":61,"column":73}},"30":{"start":{"line":62,"column":12},"end":{"line":62,"column":19}},"31":{"start":{"line":65,"column":4},"end":{"line":72,"column":7}},"32":{"start":{"line":66,"column":8},"end":{"line":71,"column":22}},"33":{"start":{"line":67,"column":12},"end":{"line":67,"column":91}},"34":{"start":{"line":68,"column":12},"end":{"line":68,"column":78}},"35":{"start":{"line":69,"column":12},"end":{"line":69,"column":82}},"36":{"start":{"line":70,"column":12},"end":{"line":70,"column":19}}},"branchMap":{}},"/Users/mraible/dev/okta-shield/src/index.js":{"path":"/Users/mraible/dev/okta-shield/src/index.js","s":{"1":1,"2":1,"3":1,"4":1,"5":4,"6":4,"7":8,"8":4,"9":4,"10":0,"11":4,"12":4,"13":1,"14":4,"15":4,"16":4,"17":0,"18":4,"19":4,"20":4,"21":4,"22":4,"23":1},"b":{"1":[0,4],"2":[0,4]},"f":{"1":4,"2":4},"fnMap":{"1":{"name":"getWorkspace","line":25,"loc":{"start":{"line":25,"column":0},"end":{"line":25,"column":28}}},"2":{"name":"oktaShield","line":38,"loc":{"start":{"line":38,"column":0},"end":{"line":38,"column":29}}}},"statementMap":{"1":{"start":{"line":2,"column":0},"end":{"line":2,"column":62}},"2":{"start":{"line":10,"column":0},"end":{"line":10,"column":47}},"3":{"start":{"line":11,"column":0},"end":{"line":11,"column":59}},"4":{"start":{"line":25,"column":0},"end":{"line":37,"column":1}},"5":{"start":{"line":26,"column":4},"end":{"line":26,"column":62}},"6":{"start":{"line":27,"column":4},"end":{"line":27,"column":68}},"7":{"start":{"line":27,"column":46},"end":{"line":27,"column":63}},"8":{"start":{"line":28,"column":4},"end":{"line":28,"column":41}},"9":{"start":{"line":29,"column":4},"end":{"line":31,"column":5}},"10":{"start":{"line":30,"column":8},"end":{"line":30,"column":79}},"11":{"start":{"line":32,"column":4},"end":{"line":32,"column":44}},"12":{"start":{"line":33,"column":4},"end":{"line":36,"column":6}},"13":{"start":{"line":38,"column":0},"end":{"line":57,"column":1}},"14":{"start":{"line":39,"column":4},"end":{"line":56,"column":6}},"15":{"start":{"line":40,"column":8},"end":{"line":40,"column":49}},"16":{"start":{"line":41,"column":8},"end":{"line":43,"column":9}},"17":{"start":{"line":42,"column":12},"end":{"line":42,"column":88}},"18":{"start":{"line":44,"column":8},"end":{"line":44,"column":52}},"19":{"start":{"line":46,"column":8},"end":{"line":46,"column":78}},"20":{"start":{"line":47,"column":8},"end":{"line":47,"column":58}},"21":{"start":{"line":48,"column":8},"end":{"line":51,"column":11}},"22":{"start":{"line":53,"column":8},"end":{"line":55,"column":26}},"23":{"start":{"line":58,"column":0},"end":{"line":58,"column":32}}},"branchMap":{"1":{"line":29,"type":"if","locations":[{"start":{"line":29,"column":4},"end":{"line":29,"column":4}},{"start":{"line":29,"column":4},"end":{"line":29,"column":4}}]},"2":{"line":41,"type":"if","locations":[{"start":{"line":41,"column":8},"end":{"line":41,"column":8}},{"start":{"line":41,"column":8},"end":{"line":41,"column":8}}]}}}}