TN:
SF:/Users/mraible/dev/okta-shield/src/index_spec.js
FNF:0
FNH:0
DA:2,1
DA:10,1
DA:11,1
DA:13,1
DA:14,1
DA:15,1
DA:20,1
DA:22,1
DA:28,1
DA:36,1
DA:37,4
DA:38,4
DA:40,1
DA:41,1
DA:42,1
DA:43,1
DA:44,1
DA:45,4
DA:46,4
DA:48,1
DA:51,1
DA:52,1
DA:53,1
DA:54,1
DA:57,1
DA:58,1
DA:59,1
DA:60,1
DA:61,1
DA:62,1
DA:65,1
DA:66,1
DA:67,1
DA:68,1
DA:69,1
DA:70,1
LF:36
LH:36
BRF:0
BRH:0
end_of_record
TN:
SF:/Users/mraible/dev/okta-shield/src/index.js
FN:25,getWorkspace
FN:38,oktaShield
FNF:2
FNH:2
FNDA:4,getWorkspace
FNDA:4,oktaShield
DA:2,1
DA:10,1
DA:11,1
DA:25,1
DA:26,4
DA:27,8
DA:28,4
DA:29,4
DA:30,0
DA:32,4
DA:33,4
DA:38,1
DA:39,4
DA:40,4
DA:41,4
DA:42,0
DA:44,4
DA:46,4
DA:47,4
DA:48,4
DA:53,4
DA:58,1
LF:22
LH:20
BRDA:29,1,0,0
BRDA:29,1,1,4
BRDA:41,2,0,0
BRDA:41,2,1,4
BRF:4
BRH:2
end_of_record
